<?xml version="1.0" encoding="UTF-8"?>
<testsuites name="jest tests" tests="13" failures="0" errors="0" time="0.909">
  <testsuite name="Final Multi-Platform Integration Tests" errors="0" failures="0" skipped="0" timestamp="2025-09-30T19:19:14" time="0.694" tests="13">
    <testcase classname="Final Multi-Platform Integration Tests Cross-Platform Performance Integration should optimize performance across all platforms" name="Final Multi-Platform Integration Tests Cross-Platform Performance Integration should optimize performance across all platforms" time="0.002">
    </testcase>
    <testcase classname="Final Multi-Platform Integration Tests Cross-Platform Performance Integration should apply platform-specific optimizations" name="Final Multi-Platform Integration Tests Cross-Platform Performance Integration should apply platform-specific optimizations" time="0.002">
    </testcase>
    <testcase classname="Final Multi-Platform Integration Tests Cross-Platform Performance Integration should measure performance impact of optimizations" name="Final Multi-Platform Integration Tests Cross-Platform Performance Integration should measure performance impact of optimizations" time="0.01">
    </testcase>
    <testcase classname="Final Multi-Platform Integration Tests Cross-Platform Analytics Integration should track usage across all platforms" name="Final Multi-Platform Integration Tests Cross-Platform Analytics Integration should track usage across all platforms" time="0.203">
    </testcase>
    <testcase classname="Final Multi-Platform Integration Tests Cross-Platform Analytics Integration should generate cross-platform insights" name="Final Multi-Platform Integration Tests Cross-Platform Analytics Integration should generate cross-platform insights" time="0">
    </testcase>
    <testcase classname="Final Multi-Platform Integration Tests Unified Error Reporting Integration should handle errors across all platforms" name="Final Multi-Platform Integration Tests Unified Error Reporting Integration should handle errors across all platforms" time="0.042">
    </testcase>
    <testcase classname="Final Multi-Platform Integration Tests Unified Error Reporting Integration should collect platform-specific diagnostics" name="Final Multi-Platform Integration Tests Unified Error Reporting Integration should collect platform-specific diagnostics" time="0.001">
    </testcase>
    <testcase classname="Final Multi-Platform Integration Tests Unified Error Reporting Integration should attempt error recovery" name="Final Multi-Platform Integration Tests Unified Error Reporting Integration should attempt error recovery" time="0.002">
    </testcase>
    <testcase classname="Final Multi-Platform Integration Tests End-to-End Platform Integration should integrate all services for complete workflow" name="Final Multi-Platform Integration Tests End-to-End Platform Integration should integrate all services for complete workflow" time="0.013">
    </testcase>
    <testcase classname="Final Multi-Platform Integration Tests End-to-End Platform Integration should handle platform switching" name="Final Multi-Platform Integration Tests End-to-End Platform Integration should handle platform switching" time="0.031">
    </testcase>
    <testcase classname="Final Multi-Platform Integration Tests End-to-End Platform Integration should maintain performance under load" name="Final Multi-Platform Integration Tests End-to-End Platform Integration should maintain performance under load" time="0.051">
    </testcase>
    <testcase classname="Final Multi-Platform Integration Tests Data Export and Reporting should export comprehensive data across all platforms" name="Final Multi-Platform Integration Tests Data Export and Reporting should export comprehensive data across all platforms" time="0.007">
    </testcase>
    <testcase classname="Final Multi-Platform Integration Tests Data Export and Reporting should generate unified cross-platform report" name="Final Multi-Platform Integration Tests Data Export and Reporting should generate unified cross-platform report" time="0">
    </testcase>
  </testsuite>
</testsuites>