<?xml version="1.0" encoding="UTF-8"?>
<testsuites name="jest tests" tests="490" failures="143" errors="0" time="96.401">
  <testsuite name="SecurityManager" errors="0" failures="0" skipped="0" timestamp="2025-09-25T00:39:00" time="0.893" tests="22">
    <testcase classname="SecurityManager Initialization should initialize security manager successfully" name="SecurityManager Initialization should initialize security manager successfully" time="0.011">
    </testcase>
    <testcase classname="SecurityManager Initialization should handle initialization failure" name="SecurityManager Initialization should handle initialization failure" time="0.003">
    </testcase>
    <testcase classname="SecurityManager Initialization should handle initialization error" name="SecurityManager Initialization should handle initialization error" time="0.002">
    </testcase>
    <testcase classname="SecurityManager Security Level Management should set security level" name="SecurityManager Security Level Management should set security level" time="0.002">
    </testcase>
    <testcase classname="SecurityManager Security Level Management should apply security level settings" name="SecurityManager Security Level Management should apply security level settings" time="0.001">
    </testcase>
    <testcase classname="SecurityManager Security Validation should validate security requirements successfully" name="SecurityManager Security Validation should validate security requirements successfully" time="0.001">
    </testcase>
    <testcase classname="SecurityManager Security Validation should detect privacy violations" name="SecurityManager Security Validation should detect privacy violations" time="0.001">
    </testcase>
    <testcase classname="SecurityManager Security Validation should detect missing consent" name="SecurityManager Security Validation should detect missing consent" time="0.001">
    </testcase>
    <testcase classname="SecurityManager Security Validation should detect expired consent" name="SecurityManager Security Validation should detect expired consent" time="0.003">
    </testcase>
    <testcase classname="SecurityManager Security Validation should detect retention violations" name="SecurityManager Security Validation should detect retention violations" time="0.001">
    </testcase>
    <testcase classname="SecurityManager Secure Data Operations should securely store data" name="SecurityManager Secure Data Operations should securely store data" time="0.001">
    </testcase>
    <testcase classname="SecurityManager Secure Data Operations should securely retrieve data" name="SecurityManager Secure Data Operations should securely retrieve data" time="0.006">
    </testcase>
    <testcase classname="SecurityManager Secure Data Operations should securely delete data" name="SecurityManager Secure Data Operations should securely delete data" time="0.004">
    </testcase>
    <testcase classname="SecurityManager Secure Data Operations should handle storage errors" name="SecurityManager Secure Data Operations should handle storage errors" time="0.001">
    </testcase>
    <testcase classname="SecurityManager Consent Management should request consent successfully" name="SecurityManager Consent Management should request consent successfully" time="0.003">
    </testcase>
    <testcase classname="SecurityManager Consent Management should handle consent denial" name="SecurityManager Consent Management should handle consent denial" time="0.001">
    </testcase>
    <testcase classname="SecurityManager Consent Management should handle consent request errors" name="SecurityManager Consent Management should handle consent request errors" time="0">
    </testcase>
    <testcase classname="SecurityManager Privacy Mode Management should enable privacy mode" name="SecurityManager Privacy Mode Management should enable privacy mode" time="0.001">
    </testcase>
    <testcase classname="SecurityManager Privacy Mode Management should disable privacy mode" name="SecurityManager Privacy Mode Management should disable privacy mode" time="0.001">
    </testcase>
    <testcase classname="SecurityManager Security Status and Reporting should get security status" name="SecurityManager Security Status and Reporting should get security status" time="0">
    </testcase>
    <testcase classname="SecurityManager Security Status and Reporting should generate compliance report" name="SecurityManager Security Status and Reporting should generate compliance report" time="0.002">
    </testcase>
    <testcase classname="SecurityManager Shutdown should shutdown security manager" name="SecurityManager Shutdown should shutdown security manager" time="0.001">
    </testcase>
  </testsuite>
  <testsuite name="PrivacyModeService" errors="0" failures="0" skipped="0" timestamp="2025-09-25T00:39:01" time="0.088" tests="35">
    <testcase classname="PrivacyModeService Privacy Mode Management should enable privacy mode with default settings" name="PrivacyModeService Privacy Mode Management should enable privacy mode with default settings" time="0.005">
    </testcase>
    <testcase classname="PrivacyModeService Privacy Mode Management should enable privacy mode with custom settings" name="PrivacyModeService Privacy Mode Management should enable privacy mode with custom settings" time="0">
    </testcase>
    <testcase classname="PrivacyModeService Privacy Mode Management should disable privacy mode" name="PrivacyModeService Privacy Mode Management should disable privacy mode" time="0.001">
    </testcase>
    <testcase classname="PrivacyModeService Privacy Mode Management should update privacy settings" name="PrivacyModeService Privacy Mode Management should update privacy settings" time="0">
    </testcase>
    <testcase classname="PrivacyModeService Service Validation should allow local STT services in privacy mode" name="PrivacyModeService Service Validation should allow local STT services in privacy mode" time="0">
    </testcase>
    <testcase classname="PrivacyModeService Service Validation should block cloud STT services in privacy mode" name="PrivacyModeService Service Validation should block cloud STT services in privacy mode" time="0">
    </testcase>
    <testcase classname="PrivacyModeService Service Validation should allow cloud STT when blockCloudSTT is disabled" name="PrivacyModeService Service Validation should allow cloud STT when blockCloudSTT is disabled" time="0">
    </testcase>
    <testcase classname="PrivacyModeService Service Validation should block cloud summary services in privacy mode" name="PrivacyModeService Service Validation should block cloud summary services in privacy mode" time="0">
    </testcase>
    <testcase classname="PrivacyModeService Service Validation should allow local summary services in privacy mode" name="PrivacyModeService Service Validation should allow local summary services in privacy mode" time="0.001">
    </testcase>
    <testcase classname="PrivacyModeService Service Validation should block analytics in privacy mode" name="PrivacyModeService Service Validation should block analytics in privacy mode" time="0">
    </testcase>
    <testcase classname="PrivacyModeService Service Validation should allow analytics when blockAnalytics is disabled" name="PrivacyModeService Service Validation should allow analytics when blockAnalytics is disabled" time="0">
    </testcase>
    <testcase classname="PrivacyModeService Service Validation should block data sharing in privacy mode" name="PrivacyModeService Service Validation should block data sharing in privacy mode" time="0">
    </testcase>
    <testcase classname="PrivacyModeService Service Validation should allow all services when privacy mode is disabled" name="PrivacyModeService Service Validation should allow all services when privacy mode is disabled" time="0">
    </testcase>
    <testcase classname="PrivacyModeService Processing Request Validation should validate allowed processing request" name="PrivacyModeService Processing Request Validation should validate allowed processing request" time="0">
    </testcase>
    <testcase classname="PrivacyModeService Processing Request Validation should reject blocked service provider" name="PrivacyModeService Processing Request Validation should reject blocked service provider" time="0">
    </testcase>
    <testcase classname="PrivacyModeService Processing Request Validation should reject external data storage when localStorageOnly is enabled" name="PrivacyModeService Processing Request Validation should reject external data storage when localStorageOnly is enabled" time="0">
    </testcase>
    <testcase classname="PrivacyModeService Processing Request Validation should allow requests when privacy mode is disabled" name="PrivacyModeService Processing Request Validation should allow requests when privacy mode is disabled" time="0">
    </testcase>
    <testcase classname="PrivacyModeService Privacy-Compliant Configuration should return original config when privacy mode is disabled" name="PrivacyModeService Privacy-Compliant Configuration should return original config when privacy mode is disabled" time="0.001">
    </testcase>
    <testcase classname="PrivacyModeService Privacy-Compliant Configuration should modify config for privacy compliance" name="PrivacyModeService Privacy-Compliant Configuration should modify config for privacy compliance" time="0">
    </testcase>
    <testcase classname="PrivacyModeService Privacy-Compliant Configuration should preserve local STT provider in privacy mode" name="PrivacyModeService Privacy-Compliant Configuration should preserve local STT provider in privacy mode" time="0">
    </testcase>
    <testcase classname="PrivacyModeService Data Sanitization should sanitize transcript data" name="PrivacyModeService Data Sanitization should sanitize transcript data" time="0">
    </testcase>
    <testcase classname="PrivacyModeService Data Sanitization should sanitize config data" name="PrivacyModeService Data Sanitization should sanitize config data" time="0">
    </testcase>
    <testcase classname="PrivacyModeService Data Sanitization should sanitize analytics data" name="PrivacyModeService Data Sanitization should sanitize analytics data" time="0">
    </testcase>
    <testcase classname="PrivacyModeService Data Sanitization should return original data when privacy mode is disabled" name="PrivacyModeService Data Sanitization should return original data when privacy mode is disabled" time="0">
    </testcase>
    <testcase classname="PrivacyModeService Data Retention Policy should apply retention policy when enabled" name="PrivacyModeService Data Retention Policy should apply retention policy when enabled" time="0">
    </testcase>
    <testcase classname="PrivacyModeService Data Retention Policy should not apply retention policy when disabled" name="PrivacyModeService Data Retention Policy should not apply retention policy when disabled" time="0.001">
    </testcase>
    <testcase classname="PrivacyModeService Data Retention Policy should not apply retention policy when privacy mode is disabled" name="PrivacyModeService Data Retention Policy should not apply retention policy when privacy mode is disabled" time="0">
    </testcase>
    <testcase classname="PrivacyModeService Data Retention Policy should return correct retention period" name="PrivacyModeService Data Retention Policy should return correct retention period" time="0">
    </testcase>
    <testcase classname="PrivacyModeService Privacy Status should return correct privacy status when enabled" name="PrivacyModeService Privacy Status should return correct privacy status when enabled" time="0">
    </testcase>
    <testcase classname="PrivacyModeService Privacy Status should return correct privacy status when disabled" name="PrivacyModeService Privacy Status should return correct privacy status when disabled" time="0">
    </testcase>
    <testcase classname="PrivacyModeService Storage Initialization should initialize from stored state" name="PrivacyModeService Storage Initialization should initialize from stored state" time="0">
    </testcase>
    <testcase classname="PrivacyModeService Storage Initialization should handle invalid stored state" name="PrivacyModeService Storage Initialization should handle invalid stored state" time="0">
    </testcase>
    <testcase classname="PrivacyModeService Storage Initialization should handle missing stored state" name="PrivacyModeService Storage Initialization should handle missing stored state" time="0">
    </testcase>
    <testcase classname="PrivacyModeService Event Listeners should add and remove listeners" name="PrivacyModeService Event Listeners should add and remove listeners" time="0.001">
    </testcase>
    <testcase classname="PrivacyModeService Event Listeners should handle listener errors gracefully" name="PrivacyModeService Event Listeners should handle listener errors gracefully" time="0.004">
    </testcase>
  </testsuite>
  <testsuite name="TranscriptionEngine Real-time Features" errors="0" failures="24" skipped="0" timestamp="2025-09-25T00:39:01" time="0.389" tests="24">
    <testcase classname="TranscriptionEngine Real-time Features Pause and Resume Functionality should pause transcription" name="TranscriptionEngine Real-time Features Pause and Resume Functionality should pause transcription" time="0.001">
      <failure>Error: Transcription engine initialization failed: Speaker identification initialization failed: window is not defined
    at TranscriptionEngine.initialize (/Volumes/externalssd/devitems/teamsmeetingplugin/src/client/services/TranscriptionEngine.js:118:13)
    at processTicksAndRejections (node:internal/process/task_queues:105:5)
    at Object.&lt;anonymous&gt; (/Volumes/externalssd/devitems/teamsmeetingplugin/src/client/services/__tests__/TranscriptionEngine.realtime.test.js:52:5)</failure>
    </testcase>
    <testcase classname="TranscriptionEngine Real-time Features Pause and Resume Functionality should resume transcription" name="TranscriptionEngine Real-time Features Pause and Resume Functionality should resume transcription" time="0">
      <failure>Error: Transcription engine initialization failed: Speaker identification initialization failed: window is not defined
    at TranscriptionEngine.initialize (/Volumes/externalssd/devitems/teamsmeetingplugin/src/client/services/TranscriptionEngine.js:118:13)
    at processTicksAndRejections (node:internal/process/task_queues:105:5)
    at Object.&lt;anonymous&gt; (/Volumes/externalssd/devitems/teamsmeetingplugin/src/client/services/__tests__/TranscriptionEngine.realtime.test.js:52:5)</failure>
    </testcase>
    <testcase classname="TranscriptionEngine Real-time Features Pause and Resume Functionality should not process audio when paused" name="TranscriptionEngine Real-time Features Pause and Resume Functionality should not process audio when paused" time="0">
      <failure>Error: Transcription engine initialization failed: Speaker identification initialization failed: window is not defined
    at TranscriptionEngine.initialize (/Volumes/externalssd/devitems/teamsmeetingplugin/src/client/services/TranscriptionEngine.js:118:13)
    at processTicksAndRejections (node:internal/process/task_queues:105:5)
    at Object.&lt;anonymous&gt; (/Volumes/externalssd/devitems/teamsmeetingplugin/src/client/services/__tests__/TranscriptionEngine.realtime.test.js:52:5)</failure>
    </testcase>
    <testcase classname="TranscriptionEngine Real-time Features Pause and Resume Functionality should resume processing queue when resumed" name="TranscriptionEngine Real-time Features Pause and Resume Functionality should resume processing queue when resumed" time="0">
      <failure>Error: Transcription engine initialization failed: Speaker identification initialization failed: window is not defined
    at TranscriptionEngine.initialize (/Volumes/externalssd/devitems/teamsmeetingplugin/src/client/services/TranscriptionEngine.js:118:13)
    at processTicksAndRejections (node:internal/process/task_queues:105:5)
    at Object.&lt;anonymous&gt; (/Volumes/externalssd/devitems/teamsmeetingplugin/src/client/services/__tests__/TranscriptionEngine.realtime.test.js:52:5)</failure>
    </testcase>
    <testcase classname="TranscriptionEngine Real-time Features Real-time Streaming should emit partial results in real-time mode" name="TranscriptionEngine Real-time Features Real-time Streaming should emit partial results in real-time mode" time="0">
      <failure>Error: Transcription engine initialization failed: Speaker identification initialization failed: window is not defined
    at TranscriptionEngine.initialize (/Volumes/externalssd/devitems/teamsmeetingplugin/src/client/services/TranscriptionEngine.js:118:13)
    at processTicksAndRejections (node:internal/process/task_queues:105:5)
    at Object.&lt;anonymous&gt; (/Volumes/externalssd/devitems/teamsmeetingplugin/src/client/services/__tests__/TranscriptionEngine.realtime.test.js:52:5)</failure>
    </testcase>
    <testcase classname="TranscriptionEngine Real-time Features Real-time Streaming should finalize streaming segments after delay" name="TranscriptionEngine Real-time Features Real-time Streaming should finalize streaming segments after delay" time="0">
      <failure>Error: Transcription engine initialization failed: Speaker identification initialization failed: window is not defined
    at TranscriptionEngine.initialize (/Volumes/externalssd/devitems/teamsmeetingplugin/src/client/services/TranscriptionEngine.js:118:13)
    at processTicksAndRejections (node:internal/process/task_queues:105:5)
    at Object.&lt;anonymous&gt; (/Volumes/externalssd/devitems/teamsmeetingplugin/src/client/services/__tests__/TranscriptionEngine.realtime.test.js:52:5)</failure>
    </testcase>
    <testcase classname="TranscriptionEngine Real-time Features Real-time Streaming should accumulate streaming buffer" name="TranscriptionEngine Real-time Features Real-time Streaming should accumulate streaming buffer" time="0.001">
      <failure>Error: Transcription engine initialization failed: Speaker identification initialization failed: window is not defined
    at TranscriptionEngine.initialize (/Volumes/externalssd/devitems/teamsmeetingplugin/src/client/services/TranscriptionEngine.js:118:13)
    at processTicksAndRejections (node:internal/process/task_queues:105:5)
    at Object.&lt;anonymous&gt; (/Volumes/externalssd/devitems/teamsmeetingplugin/src/client/services/__tests__/TranscriptionEngine.realtime.test.js:52:5)</failure>
    </testcase>
    <testcase classname="TranscriptionEngine Real-time Features Transcription History Management should return transcription history" name="TranscriptionEngine Real-time Features Transcription History Management should return transcription history" time="0">
      <failure>Error: Transcription engine initialization failed: Speaker identification initialization failed: window is not defined
    at TranscriptionEngine.initialize (/Volumes/externalssd/devitems/teamsmeetingplugin/src/client/services/TranscriptionEngine.js:118:13)
    at processTicksAndRejections (node:internal/process/task_queues:105:5)
    at Object.&lt;anonymous&gt; (/Volumes/externalssd/devitems/teamsmeetingplugin/src/client/services/__tests__/TranscriptionEngine.realtime.test.js:52:5)</failure>
    </testcase>
    <testcase classname="TranscriptionEngine Real-time Features Transcription History Management should get full transcript text" name="TranscriptionEngine Real-time Features Transcription History Management should get full transcript text" time="0.001">
      <failure>Error: Transcription engine initialization failed: Speaker identification initialization failed: window is not defined
    at TranscriptionEngine.initialize (/Volumes/externalssd/devitems/teamsmeetingplugin/src/client/services/TranscriptionEngine.js:118:13)
    at processTicksAndRejections (node:internal/process/task_queues:105:5)
    at Object.&lt;anonymous&gt; (/Volumes/externalssd/devitems/teamsmeetingplugin/src/client/services/__tests__/TranscriptionEngine.realtime.test.js:52:5)</failure>
    </testcase>
    <testcase classname="TranscriptionEngine Real-time Features Transcription History Management should clear transcription buffer" name="TranscriptionEngine Real-time Features Transcription History Management should clear transcription buffer" time="0">
      <failure>Error: Transcription engine initialization failed: Speaker identification initialization failed: window is not defined
    at TranscriptionEngine.initialize (/Volumes/externalssd/devitems/teamsmeetingplugin/src/client/services/TranscriptionEngine.js:118:13)
    at processTicksAndRejections (node:internal/process/task_queues:105:5)
    at Object.&lt;anonymous&gt; (/Volumes/externalssd/devitems/teamsmeetingplugin/src/client/services/__tests__/TranscriptionEngine.realtime.test.js:52:5)</failure>
    </testcase>
    <testcase classname="TranscriptionEngine Real-time Features Segment Editing should edit transcription segment" name="TranscriptionEngine Real-time Features Segment Editing should edit transcription segment" time="0.003">
      <failure>Error: Transcription engine initialization failed: Speaker identification initialization failed: window is not defined
    at TranscriptionEngine.initialize (/Volumes/externalssd/devitems/teamsmeetingplugin/src/client/services/TranscriptionEngine.js:118:13)
    at processTicksAndRejections (node:internal/process/task_queues:105:5)
    at Object.&lt;anonymous&gt; (/Volumes/externalssd/devitems/teamsmeetingplugin/src/client/services/__tests__/TranscriptionEngine.realtime.test.js:52:5)</failure>
    </testcase>
    <testcase classname="TranscriptionEngine Real-time Features Segment Editing should delete transcription segment" name="TranscriptionEngine Real-time Features Segment Editing should delete transcription segment" time="0.001">
      <failure>Error: Transcription engine initialization failed: Speaker identification initialization failed: window is not defined
    at TranscriptionEngine.initialize (/Volumes/externalssd/devitems/teamsmeetingplugin/src/client/services/TranscriptionEngine.js:118:13)
    at processTicksAndRejections (node:internal/process/task_queues:105:5)
    at Object.&lt;anonymous&gt; (/Volumes/externalssd/devitems/teamsmeetingplugin/src/client/services/__tests__/TranscriptionEngine.realtime.test.js:52:5)</failure>
    </testcase>
    <testcase classname="TranscriptionEngine Real-time Features Segment Editing should throw error when editing non-existent segment" name="TranscriptionEngine Real-time Features Segment Editing should throw error when editing non-existent segment" time="0.001">
      <failure>Error: Transcription engine initialization failed: Speaker identification initialization failed: window is not defined
    at TranscriptionEngine.initialize (/Volumes/externalssd/devitems/teamsmeetingplugin/src/client/services/TranscriptionEngine.js:118:13)
    at processTicksAndRejections (node:internal/process/task_queues:105:5)
    at Object.&lt;anonymous&gt; (/Volumes/externalssd/devitems/teamsmeetingplugin/src/client/services/__tests__/TranscriptionEngine.realtime.test.js:52:5)</failure>
    </testcase>
    <testcase classname="TranscriptionEngine Real-time Features Segment Editing should throw error when deleting non-existent segment" name="TranscriptionEngine Real-time Features Segment Editing should throw error when deleting non-existent segment" time="0">
      <failure>Error: Transcription engine initialization failed: Speaker identification initialization failed: window is not defined
    at TranscriptionEngine.initialize (/Volumes/externalssd/devitems/teamsmeetingplugin/src/client/services/TranscriptionEngine.js:118:13)
    at processTicksAndRejections (node:internal/process/task_queues:105:5)
    at Object.&lt;anonymous&gt; (/Volumes/externalssd/devitems/teamsmeetingplugin/src/client/services/__tests__/TranscriptionEngine.realtime.test.js:52:5)</failure>
    </testcase>
    <testcase classname="TranscriptionEngine Real-time Features Export Functionality should export as plain text" name="TranscriptionEngine Real-time Features Export Functionality should export as plain text" time="0">
      <failure>Error: Transcription engine initialization failed: Speaker identification initialization failed: window is not defined
    at TranscriptionEngine.initialize (/Volumes/externalssd/devitems/teamsmeetingplugin/src/client/services/TranscriptionEngine.js:118:13)
    at processTicksAndRejections (node:internal/process/task_queues:105:5)
    at Object.&lt;anonymous&gt; (/Volumes/externalssd/devitems/teamsmeetingplugin/src/client/services/__tests__/TranscriptionEngine.realtime.test.js:52:5)</failure>
    </testcase>
    <testcase classname="TranscriptionEngine Real-time Features Export Functionality should export as JSON" name="TranscriptionEngine Real-time Features Export Functionality should export as JSON" time="0.001">
      <failure>Error: Transcription engine initialization failed: Speaker identification initialization failed: window is not defined
    at TranscriptionEngine.initialize (/Volumes/externalssd/devitems/teamsmeetingplugin/src/client/services/TranscriptionEngine.js:118:13)
    at processTicksAndRejections (node:internal/process/task_queues:105:5)
    at Object.&lt;anonymous&gt; (/Volumes/externalssd/devitems/teamsmeetingplugin/src/client/services/__tests__/TranscriptionEngine.realtime.test.js:52:5)</failure>
    </testcase>
    <testcase classname="TranscriptionEngine Real-time Features Export Functionality should export as SRT format" name="TranscriptionEngine Real-time Features Export Functionality should export as SRT format" time="0">
      <failure>Error: Transcription engine initialization failed: Speaker identification initialization failed: window is not defined
    at TranscriptionEngine.initialize (/Volumes/externalssd/devitems/teamsmeetingplugin/src/client/services/TranscriptionEngine.js:118:13)
    at processTicksAndRejections (node:internal/process/task_queues:105:5)
    at Object.&lt;anonymous&gt; (/Volumes/externalssd/devitems/teamsmeetingplugin/src/client/services/__tests__/TranscriptionEngine.realtime.test.js:52:5)</failure>
    </testcase>
    <testcase classname="TranscriptionEngine Real-time Features Export Functionality should export as WebVTT format" name="TranscriptionEngine Real-time Features Export Functionality should export as WebVTT format" time="0">
      <failure>Error: Transcription engine initialization failed: Speaker identification initialization failed: window is not defined
    at TranscriptionEngine.initialize (/Volumes/externalssd/devitems/teamsmeetingplugin/src/client/services/TranscriptionEngine.js:118:13)
    at processTicksAndRejections (node:internal/process/task_queues:105:5)
    at Object.&lt;anonymous&gt; (/Volumes/externalssd/devitems/teamsmeetingplugin/src/client/services/__tests__/TranscriptionEngine.realtime.test.js:52:5)</failure>
    </testcase>
    <testcase classname="TranscriptionEngine Real-time Features Export Functionality should throw error for unsupported format" name="TranscriptionEngine Real-time Features Export Functionality should throw error for unsupported format" time="0.001">
      <failure>Error: Transcription engine initialization failed: Speaker identification initialization failed: window is not defined
    at TranscriptionEngine.initialize (/Volumes/externalssd/devitems/teamsmeetingplugin/src/client/services/TranscriptionEngine.js:118:13)
    at processTicksAndRejections (node:internal/process/task_queues:105:5)
    at Object.&lt;anonymous&gt; (/Volumes/externalssd/devitems/teamsmeetingplugin/src/client/services/__tests__/TranscriptionEngine.realtime.test.js:52:5)</failure>
    </testcase>
    <testcase classname="TranscriptionEngine Real-time Features Processing Status Events should emit processing status changes" name="TranscriptionEngine Real-time Features Processing Status Events should emit processing status changes" time="0">
      <failure>Error: Transcription engine initialization failed: Speaker identification initialization failed: window is not defined
    at TranscriptionEngine.initialize (/Volumes/externalssd/devitems/teamsmeetingplugin/src/client/services/TranscriptionEngine.js:118:13)
    at processTicksAndRejections (node:internal/process/task_queues:105:5)
    at Object.&lt;anonymous&gt; (/Volumes/externalssd/devitems/teamsmeetingplugin/src/client/services/__tests__/TranscriptionEngine.realtime.test.js:52:5)</failure>
    </testcase>
    <testcase classname="TranscriptionEngine Real-time Features Enhanced Status Information should include real-time status in getStatus" name="TranscriptionEngine Real-time Features Enhanced Status Information should include real-time status in getStatus" time="0.001">
      <failure>Error: Transcription engine initialization failed: Speaker identification initialization failed: window is not defined
    at TranscriptionEngine.initialize (/Volumes/externalssd/devitems/teamsmeetingplugin/src/client/services/TranscriptionEngine.js:118:13)
    at processTicksAndRejections (node:internal/process/task_queues:105:5)
    at Object.&lt;anonymous&gt; (/Volumes/externalssd/devitems/teamsmeetingplugin/src/client/services/__tests__/TranscriptionEngine.realtime.test.js:52:5)</failure>
    </testcase>
    <testcase classname="TranscriptionEngine Real-time Features Enhanced Status Information should track streaming timer status" name="TranscriptionEngine Real-time Features Enhanced Status Information should track streaming timer status" time="0">
      <failure>Error: Transcription engine initialization failed: Speaker identification initialization failed: window is not defined
    at TranscriptionEngine.initialize (/Volumes/externalssd/devitems/teamsmeetingplugin/src/client/services/TranscriptionEngine.js:118:13)
    at processTicksAndRejections (node:internal/process/task_queues:105:5)
    at Object.&lt;anonymous&gt; (/Volumes/externalssd/devitems/teamsmeetingplugin/src/client/services/__tests__/TranscriptionEngine.realtime.test.js:52:5)</failure>
    </testcase>
    <testcase classname="TranscriptionEngine Real-time Features Cleanup with Real-time Features should cleanup streaming timer on cleanup" name="TranscriptionEngine Real-time Features Cleanup with Real-time Features should cleanup streaming timer on cleanup" time="0">
      <failure>Error: Transcription engine initialization failed: Speaker identification initialization failed: window is not defined
    at TranscriptionEngine.initialize (/Volumes/externalssd/devitems/teamsmeetingplugin/src/client/services/TranscriptionEngine.js:118:13)
    at processTicksAndRejections (node:internal/process/task_queues:105:5)
    at Object.&lt;anonymous&gt; (/Volumes/externalssd/devitems/teamsmeetingplugin/src/client/services/__tests__/TranscriptionEngine.realtime.test.js:52:5)</failure>
    </testcase>
    <testcase classname="TranscriptionEngine Real-time Features Confidence Calculation should calculate average confidence from recent results" name="TranscriptionEngine Real-time Features Confidence Calculation should calculate average confidence from recent results" time="0">
      <failure>Error: Transcription engine initialization failed: Speaker identification initialization failed: window is not defined
    at TranscriptionEngine.initialize (/Volumes/externalssd/devitems/teamsmeetingplugin/src/client/services/TranscriptionEngine.js:118:13)
    at processTicksAndRejections (node:internal/process/task_queues:105:5)
    at Object.&lt;anonymous&gt; (/Volumes/externalssd/devitems/teamsmeetingplugin/src/client/services/__tests__/TranscriptionEngine.realtime.test.js:52:5)</failure>
    </testcase>
  </testsuite>
  <testsuite name="SummaryService" errors="0" failures="0" skipped="0" timestamp="2025-09-25T00:39:01" time="0.1" tests="26">
    <testcase classname="SummaryService Initialization should initialize with AI providers" name="SummaryService Initialization should initialize with AI providers" time="0.001">
    </testcase>
    <testcase classname="SummaryService Initialization should set configuration manager" name="SummaryService Initialization should set configuration manager" time="0">
    </testcase>
    <testcase classname="SummaryService Initialization should set agenda service" name="SummaryService Initialization should set agenda service" time="0">
    </testcase>
    <testcase classname="SummaryService Summary Generation should generate summary successfully" name="SummaryService Summary Generation should generate summary successfully" time="0.001">
    </testcase>
    <testcase classname="SummaryService Summary Generation should handle empty transcript" name="SummaryService Summary Generation should handle empty transcript" time="0.009">
    </testcase>
    <testcase classname="SummaryService Summary Generation should handle missing API key" name="SummaryService Summary Generation should handle missing API key" time="0">
    </testcase>
    <testcase classname="SummaryService Summary Generation should handle unsupported provider" name="SummaryService Summary Generation should handle unsupported provider" time="0.001">
    </testcase>
    <testcase classname="SummaryService Summary Generation should use custom prompt when available" name="SummaryService Summary Generation should use custom prompt when available" time="0">
    </testcase>
    <testcase classname="SummaryService Summary Generation should include agenda context when available" name="SummaryService Summary Generation should include agenda context when available" time="0">
    </testcase>
    <testcase classname="SummaryService Transcript Formatting should format transcript for AI processing" name="SummaryService Transcript Formatting should format transcript for AI processing" time="0">
    </testcase>
    <testcase classname="SummaryService Transcript Formatting should handle transcript with unknown speakers" name="SummaryService Transcript Formatting should handle transcript with unknown speakers" time="0">
    </testcase>
    <testcase classname="SummaryService Summary Parsing should parse structured AI summary" name="SummaryService Summary Parsing should parse structured AI summary" time="0.001">
    </testcase>
    <testcase classname="SummaryService Summary Parsing should extract action items with assignees" name="SummaryService Summary Parsing should extract action items with assignees" time="0">
    </testcase>
    <testcase classname="SummaryService Summary Parsing should extract due dates from action items" name="SummaryService Summary Parsing should extract due dates from action items" time="0">
    </testcase>
    <testcase classname="SummaryService Summary Parsing should identify action item priorities" name="SummaryService Summary Parsing should identify action item priorities" time="0">
    </testcase>
    <testcase classname="SummaryService Agenda Integration should track agenda items in summary" name="SummaryService Agenda Integration should track agenda items in summary" time="0.001">
    </testcase>
    <testcase classname="SummaryService Agenda Integration should handle agenda items not discussed" name="SummaryService Agenda Integration should handle agenda items not discussed" time="0">
    </testcase>
    <testcase classname="SummaryService Provider Testing should test provider connection" name="SummaryService Provider Testing should test provider connection" time="0">
    </testcase>
    <testcase classname="SummaryService Provider Testing should handle provider test failure" name="SummaryService Provider Testing should handle provider test failure" time="0">
    </testcase>
    <testcase classname="SummaryService Provider Testing should handle invalid provider for testing" name="SummaryService Provider Testing should handle invalid provider for testing" time="0">
    </testcase>
    <testcase classname="SummaryService Utility Functions should extract speakers from transcript" name="SummaryService Utility Functions should extract speakers from transcript" time="0">
    </testcase>
    <testcase classname="SummaryService Utility Functions should calculate meeting duration" name="SummaryService Utility Functions should calculate meeting duration" time="0">
    </testcase>
    <testcase classname="SummaryService Utility Functions should get default model for provider" name="SummaryService Utility Functions should get default model for provider" time="0">
    </testcase>
    <testcase classname="SummaryService Error Handling should handle provider configuration errors" name="SummaryService Error Handling should handle provider configuration errors" time="0.001">
    </testcase>
    <testcase classname="SummaryService Error Handling should handle summary generation errors" name="SummaryService Error Handling should handle summary generation errors" time="0">
    </testcase>
    <testcase classname="SummaryService Error Handling should handle parsing errors gracefully" name="SummaryService Error Handling should handle parsing errors gracefully" time="0">
    </testcase>
  </testsuite>
  <testsuite name="AgendaService" errors="0" failures="0" skipped="0" timestamp="2025-09-25T00:39:01" time="0.032" tests="32">
    <testcase classname="AgendaService Constructor should initialize with default values" name="AgendaService Constructor should initialize with default values" time="0.001">
    </testcase>
    <testcase classname="AgendaService setAccessToken should set access token" name="AgendaService setAccessToken should set access token" time="0">
    </testcase>
    <testcase classname="AgendaService extractAgendaItems should extract numbered agenda items" name="AgendaService extractAgendaItems should extract numbered agenda items" time="0.001">
    </testcase>
    <testcase classname="AgendaService extractAgendaItems should extract bullet point agenda items" name="AgendaService extractAgendaItems should extract bullet point agenda items" time="0">
    </testcase>
    <testcase classname="AgendaService extractAgendaItems should extract time-based agenda items" name="AgendaService extractAgendaItems should extract time-based agenda items" time="0.001">
    </testcase>
    <testcase classname="AgendaService extractAgendaItems should handle HTML content" name="AgendaService extractAgendaItems should handle HTML content" time="0">
    </testcase>
    <testcase classname="AgendaService extractAgendaItems should return empty array for content without agenda items" name="AgendaService extractAgendaItems should return empty array for content without agenda items" time="0">
    </testcase>
    <testcase classname="AgendaService extractKeywords should extract meaningful keywords" name="AgendaService extractKeywords should extract meaningful keywords" time="0">
    </testcase>
    <testcase classname="AgendaService extractKeywords should filter out stop words" name="AgendaService extractKeywords should filter out stop words" time="0">
    </testcase>
    <testcase classname="AgendaService extractKeywords should limit to 5 keywords" name="AgendaService extractKeywords should limit to 5 keywords" time="0.001">
    </testcase>
    <testcase classname="AgendaService estimateItemDuration should estimate short duration for quick items" name="AgendaService estimateItemDuration should estimate short duration for quick items" time="0">
    </testcase>
    <testcase classname="AgendaService estimateItemDuration should estimate medium duration for reviews" name="AgendaService estimateItemDuration should estimate medium duration for reviews" time="0">
    </testcase>
    <testcase classname="AgendaService estimateItemDuration should estimate longer duration for discussions" name="AgendaService estimateItemDuration should estimate longer duration for discussions" time="0">
    </testcase>
    <testcase classname="AgendaService estimateItemDuration should estimate presentation duration" name="AgendaService estimateItemDuration should estimate presentation duration" time="0">
    </testcase>
    <testcase classname="AgendaService estimateItemDuration should return default duration for generic items" name="AgendaService estimateItemDuration should return default duration for generic items" time="0">
    </testcase>
    <testcase classname="AgendaService createFallbackAgenda should create fallback agenda" name="AgendaService createFallbackAgenda should create fallback agenda" time="0">
    </testcase>
    <testcase classname="AgendaService trackAgendaProgress should track agenda progress with keyword matches" name="AgendaService trackAgendaProgress should track agenda progress with keyword matches" time="0">
    </testcase>
    <testcase classname="AgendaService trackAgendaProgress should track multiple agenda items" name="AgendaService trackAgendaProgress should track multiple agenda items" time="0">
    </testcase>
    <testcase classname="AgendaService trackAgendaProgress should handle fallback agenda" name="AgendaService trackAgendaProgress should handle fallback agenda" time="0.001">
    </testcase>
    <testcase classname="AgendaService filterContentByAgenda should identify relevant content" name="AgendaService filterContentByAgenda should identify relevant content" time="0">
    </testcase>
    <testcase classname="AgendaService filterContentByAgenda should identify irrelevant content" name="AgendaService filterContentByAgenda should identify irrelevant content" time="0">
    </testcase>
    <testcase classname="AgendaService filterContentByAgenda should suggest focus for low relevance" name="AgendaService filterContentByAgenda should suggest focus for low relevance" time="0">
    </testcase>
    <testcase classname="AgendaService filterContentByAgenda should handle fallback agenda" name="AgendaService filterContentByAgenda should handle fallback agenda" time="0">
    </testcase>
    <testcase classname="AgendaService generateAgendaSummaryPrompt should generate agenda-focused prompt" name="AgendaService generateAgendaSummaryPrompt should generate agenda-focused prompt" time="0">
    </testcase>
    <testcase classname="AgendaService generateAgendaSummaryPrompt should generate generic prompt for fallback agenda" name="AgendaService generateAgendaSummaryPrompt should generate generic prompt for fallback agenda" time="0">
    </testcase>
    <testcase classname="AgendaService generateAgendaSummaryPrompt should generate generic prompt when no agenda" name="AgendaService generateAgendaSummaryPrompt should generate generic prompt when no agenda" time="0">
    </testcase>
    <testcase classname="AgendaService fetchMeetingAgenda should return fallback when no access token" name="AgendaService fetchMeetingAgenda should return fallback when no access token" time="0.001">
    </testcase>
    <testcase classname="AgendaService fetchMeetingAgenda should handle API errors gracefully" name="AgendaService fetchMeetingAgenda should handle API errors gracefully" time="0">
    </testcase>
    <testcase classname="AgendaService fetchMeetingAgenda should parse successful API response" name="AgendaService fetchMeetingAgenda should parse successful API response" time="0">
    </testcase>
    <testcase classname="AgendaService calculateSimilarity should calculate similarity correctly" name="AgendaService calculateSimilarity should calculate similarity correctly" time="0">
    </testcase>
    <testcase classname="AgendaService removeDuplicateItems should remove duplicate items" name="AgendaService removeDuplicateItems should remove duplicate items" time="0">
    </testcase>
    <testcase classname="AgendaService resetTracking should reset all tracking data" name="AgendaService resetTracking should reset all tracking data" time="0">
    </testcase>
  </testsuite>
  <testsuite name="LocalSTTService" errors="0" failures="0" skipped="0" timestamp="2025-09-25T00:39:01" time="0.047" tests="30">
    <testcase classname="LocalSTTService Initialization should initialize successfully with default settings" name="LocalSTTService Initialization should initialize successfully with default settings" time="0.001">
    </testcase>
    <testcase classname="LocalSTTService Initialization should initialize with custom language" name="LocalSTTService Initialization should initialize with custom language" time="0">
    </testcase>
    <testcase classname="LocalSTTService Initialization should not reinitialize if already initialized" name="LocalSTTService Initialization should not reinitialize if already initialized" time="0.001">
    </testcase>
    <testcase classname="LocalSTTService Initialization should handle initialization failure" name="LocalSTTService Initialization should handle initialization failure" time="0.008">
    </testcase>
    <testcase classname="LocalSTTService Initialization should emit initialization events" name="LocalSTTService Initialization should emit initialization events" time="0">
    </testcase>
    <testcase classname="LocalSTTService Audio Processing should prepare audio for Whisper correctly" name="LocalSTTService Audio Processing should prepare audio for Whisper correctly" time="0.001">
    </testcase>
    <testcase classname="LocalSTTService Audio Processing should resample audio to 16kHz" name="LocalSTTService Audio Processing should resample audio to 16kHz" time="0">
    </testcase>
    <testcase classname="LocalSTTService Audio Processing should normalize audio levels" name="LocalSTTService Audio Processing should normalize audio levels" time="0">
    </testcase>
    <testcase classname="LocalSTTService Audio Processing should apply pre-emphasis filter" name="LocalSTTService Audio Processing should apply pre-emphasis filter" time="0">
    </testcase>
    <testcase classname="LocalSTTService Transcription should transcribe audio successfully" name="LocalSTTService Transcription should transcribe audio successfully" time="0.001">
    </testcase>
    <testcase classname="LocalSTTService Transcription should handle string result from Whisper" name="LocalSTTService Transcription should handle string result from Whisper" time="0.001">
    </testcase>
    <testcase classname="LocalSTTService Transcription should process segments when available" name="LocalSTTService Transcription should process segments when available" time="0">
    </testcase>
    <testcase classname="LocalSTTService Transcription should handle transcription failure gracefully" name="LocalSTTService Transcription should handle transcription failure gracefully" time="0.001">
    </testcase>
    <testcase classname="LocalSTTService Transcription should validate audio data before transcription" name="LocalSTTService Transcription should validate audio data before transcription" time="0">
    </testcase>
    <testcase classname="LocalSTTService Transcription should emit transcription events" name="LocalSTTService Transcription should emit transcription events" time="0">
    </testcase>
    <testcase classname="LocalSTTService Text Processing should clean transcription text" name="LocalSTTService Text Processing should clean transcription text" time="0">
    </testcase>
    <testcase classname="LocalSTTService Text Processing should remove unusual characters" name="LocalSTTService Text Processing should remove unusual characters" time="0">
    </testcase>
    <testcase classname="LocalSTTService Text Processing should assess transcription quality" name="LocalSTTService Text Processing should assess transcription quality" time="0">
    </testcase>
    <testcase classname="LocalSTTService Text Processing should detect language patterns" name="LocalSTTService Text Processing should detect language patterns" time="0.001">
    </testcase>
    <testcase classname="LocalSTTService Text Processing should return null for short text language detection" name="LocalSTTService Text Processing should return null for short text language detection" time="0">
    </testcase>
    <testcase classname="LocalSTTService Language Management should change language successfully" name="LocalSTTService Language Management should change language successfully" time="0">
    </testcase>
    <testcase classname="LocalSTTService Language Management should throw error for unsupported language" name="LocalSTTService Language Management should throw error for unsupported language" time="0">
    </testcase>
    <testcase classname="LocalSTTService Language Management should get available languages" name="LocalSTTService Language Management should get available languages" time="0">
    </testcase>
    <testcase classname="LocalSTTService Statistics and Monitoring should track performance statistics" name="LocalSTTService Statistics and Monitoring should track performance statistics" time="0">
    </testcase>
    <testcase classname="LocalSTTService Statistics and Monitoring should track failures in statistics" name="LocalSTTService Statistics and Monitoring should track failures in statistics" time="0.001">
    </testcase>
    <testcase classname="LocalSTTService Statistics and Monitoring should reset statistics" name="LocalSTTService Statistics and Monitoring should reset statistics" time="0">
    </testcase>
    <testcase classname="LocalSTTService Statistics and Monitoring should get current status" name="LocalSTTService Statistics and Monitoring should get current status" time="0">
    </testcase>
    <testcase classname="LocalSTTService Event System should add and remove event listeners" name="LocalSTTService Event System should add and remove event listeners" time="0">
    </testcase>
    <testcase classname="LocalSTTService Event System should handle listener errors gracefully" name="LocalSTTService Event System should handle listener errors gracefully" time="0.001">
    </testcase>
    <testcase classname="LocalSTTService Cleanup should cleanup resources properly" name="LocalSTTService Cleanup should cleanup resources properly" time="0.002">
    </testcase>
  </testsuite>
  <testsuite name="SpeakerIdentificationService" errors="0" failures="37" skipped="0" timestamp="2025-09-25T00:39:01" time="0.233" tests="38">
    <testcase classname="SpeakerIdentificationService Initialization should initialize successfully" name="SpeakerIdentificationService Initialization should initialize successfully" time="0.003">
      <failure>Error: Speaker identification initialization failed: window is not defined
    at SpeakerIdentificationService.initialize (/Volumes/externalssd/devitems/teamsmeetingplugin/src/client/services/SpeakerIdentificationService.js:73:13)
    at Object.initialize (/Volumes/externalssd/devitems/teamsmeetingplugin/src/client/services/__tests__/SpeakerIdentificationService.test.js:56:43)
    at Promise.then.completed (/Volumes/externalssd/devitems/teamsmeetingplugin/node_modules/jest-circus/build/utils.js:298:28)
    at new Promise (&lt;anonymous&gt;)
    at callAsyncCircusFn (/Volumes/externalssd/devitems/teamsmeetingplugin/node_modules/jest-circus/build/utils.js:231:10)
    at _callCircusTest (/Volumes/externalssd/devitems/teamsmeetingplugin/node_modules/jest-circus/build/run.js:316:40)
    at processTicksAndRejections (node:internal/process/task_queues:105:5)
    at _runTest (/Volumes/externalssd/devitems/teamsmeetingplugin/node_modules/jest-circus/build/run.js:252:3)
    at _runTestsForDescribeBlock (/Volumes/externalssd/devitems/teamsmeetingplugin/node_modules/jest-circus/build/run.js:126:9)
    at _runTestsForDescribeBlock (/Volumes/externalssd/devitems/teamsmeetingplugin/node_modules/jest-circus/build/run.js:121:9)
    at _runTestsForDescribeBlock (/Volumes/externalssd/devitems/teamsmeetingplugin/node_modules/jest-circus/build/run.js:121:9)
    at run (/Volumes/externalssd/devitems/teamsmeetingplugin/node_modules/jest-circus/build/run.js:71:3)
    at runAndTransformResultsToJestFormat (/Volumes/externalssd/devitems/teamsmeetingplugin/node_modules/jest-circus/build/legacy-code-todo-rewrite/jestAdapterInit.js:122:21)
    at jestAdapter (/Volumes/externalssd/devitems/teamsmeetingplugin/node_modules/jest-circus/build/legacy-code-todo-rewrite/jestAdapter.js:79:19)
    at runTestInternal (/Volumes/externalssd/devitems/teamsmeetingplugin/node_modules/jest-runner/build/runTest.js:367:16)
    at runTest (/Volumes/externalssd/devitems/teamsmeetingplugin/node_modules/jest-runner/build/runTest.js:444:34)
    at Object.worker (/Volumes/externalssd/devitems/teamsmeetingplugin/node_modules/jest-runner/build/testWorker.js:106:12)</failure>
    </testcase>
    <testcase classname="SpeakerIdentificationService Initialization should not initialize twice" name="SpeakerIdentificationService Initialization should not initialize twice" time="0.004">
      <failure>Error: Speaker identification initialization failed: window is not defined
    at SpeakerIdentificationService.initialize (/Volumes/externalssd/devitems/teamsmeetingplugin/src/client/services/SpeakerIdentificationService.js:73:13)
    at Object.initialize (/Volumes/externalssd/devitems/teamsmeetingplugin/src/client/services/__tests__/SpeakerIdentificationService.test.js:64:28)
    at Promise.then.completed (/Volumes/externalssd/devitems/teamsmeetingplugin/node_modules/jest-circus/build/utils.js:298:28)
    at new Promise (&lt;anonymous&gt;)
    at callAsyncCircusFn (/Volumes/externalssd/devitems/teamsmeetingplugin/node_modules/jest-circus/build/utils.js:231:10)
    at _callCircusTest (/Volumes/externalssd/devitems/teamsmeetingplugin/node_modules/jest-circus/build/run.js:316:40)
    at processTicksAndRejections (node:internal/process/task_queues:105:5)
    at _runTest (/Volumes/externalssd/devitems/teamsmeetingplugin/node_modules/jest-circus/build/run.js:252:3)
    at _runTestsForDescribeBlock (/Volumes/externalssd/devitems/teamsmeetingplugin/node_modules/jest-circus/build/run.js:126:9)
    at _runTestsForDescribeBlock (/Volumes/externalssd/devitems/teamsmeetingplugin/node_modules/jest-circus/build/run.js:121:9)
    at _runTestsForDescribeBlock (/Volumes/externalssd/devitems/teamsmeetingplugin/node_modules/jest-circus/build/run.js:121:9)
    at run (/Volumes/externalssd/devitems/teamsmeetingplugin/node_modules/jest-circus/build/run.js:71:3)
    at runAndTransformResultsToJestFormat (/Volumes/externalssd/devitems/teamsmeetingplugin/node_modules/jest-circus/build/legacy-code-todo-rewrite/jestAdapterInit.js:122:21)
    at jestAdapter (/Volumes/externalssd/devitems/teamsmeetingplugin/node_modules/jest-circus/build/legacy-code-todo-rewrite/jestAdapter.js:79:19)
    at runTestInternal (/Volumes/externalssd/devitems/teamsmeetingplugin/node_modules/jest-runner/build/runTest.js:367:16)
    at runTest (/Volumes/externalssd/devitems/teamsmeetingplugin/node_modules/jest-runner/build/runTest.js:444:34)
    at Object.worker (/Volumes/externalssd/devitems/teamsmeetingplugin/node_modules/jest-runner/build/testWorker.js:106:12)</failure>
    </testcase>
    <testcase classname="SpeakerIdentificationService Initialization should load existing speaker profiles" name="SpeakerIdentificationService Initialization should load existing speaker profiles" time="0.001">
      <failure>Error: Speaker identification initialization failed: window is not defined
    at SpeakerIdentificationService.initialize (/Volumes/externalssd/devitems/teamsmeetingplugin/src/client/services/SpeakerIdentificationService.js:73:13)
    at Object.initialize (/Volumes/externalssd/devitems/teamsmeetingplugin/src/client/services/__tests__/SpeakerIdentificationService.test.js:84:28)
    at Promise.then.completed (/Volumes/externalssd/devitems/teamsmeetingplugin/node_modules/jest-circus/build/utils.js:298:28)
    at new Promise (&lt;anonymous&gt;)
    at callAsyncCircusFn (/Volumes/externalssd/devitems/teamsmeetingplugin/node_modules/jest-circus/build/utils.js:231:10)
    at _callCircusTest (/Volumes/externalssd/devitems/teamsmeetingplugin/node_modules/jest-circus/build/run.js:316:40)
    at processTicksAndRejections (node:internal/process/task_queues:105:5)
    at _runTest (/Volumes/externalssd/devitems/teamsmeetingplugin/node_modules/jest-circus/build/run.js:252:3)
    at _runTestsForDescribeBlock (/Volumes/externalssd/devitems/teamsmeetingplugin/node_modules/jest-circus/build/run.js:126:9)
    at _runTestsForDescribeBlock (/Volumes/externalssd/devitems/teamsmeetingplugin/node_modules/jest-circus/build/run.js:121:9)
    at _runTestsForDescribeBlock (/Volumes/externalssd/devitems/teamsmeetingplugin/node_modules/jest-circus/build/run.js:121:9)
    at run (/Volumes/externalssd/devitems/teamsmeetingplugin/node_modules/jest-circus/build/run.js:71:3)
    at runAndTransformResultsToJestFormat (/Volumes/externalssd/devitems/teamsmeetingplugin/node_modules/jest-circus/build/legacy-code-todo-rewrite/jestAdapterInit.js:122:21)
    at jestAdapter (/Volumes/externalssd/devitems/teamsmeetingplugin/node_modules/jest-circus/build/legacy-code-todo-rewrite/jestAdapter.js:79:19)
    at runTestInternal (/Volumes/externalssd/devitems/teamsmeetingplugin/node_modules/jest-runner/build/runTest.js:367:16)
    at runTest (/Volumes/externalssd/devitems/teamsmeetingplugin/node_modules/jest-runner/build/runTest.js:444:34)
    at Object.worker (/Volumes/externalssd/devitems/teamsmeetingplugin/node_modules/jest-runner/build/testWorker.js:106:12)</failure>
    </testcase>
    <testcase classname="SpeakerIdentificationService Audio Validation should validate good audio data" name="SpeakerIdentificationService Audio Validation should validate good audio data" time="0.002">
      <failure>Error: Speaker identification initialization failed: window is not defined
    at SpeakerIdentificationService.initialize (/Volumes/externalssd/devitems/teamsmeetingplugin/src/client/services/SpeakerIdentificationService.js:73:13)
    at Object.initialize (/Volumes/externalssd/devitems/teamsmeetingplugin/src/client/services/__tests__/SpeakerIdentificationService.test.js:93:28)
    at Promise.then.completed (/Volumes/externalssd/devitems/teamsmeetingplugin/node_modules/jest-circus/build/utils.js:298:28)
    at new Promise (&lt;anonymous&gt;)
    at callAsyncCircusFn (/Volumes/externalssd/devitems/teamsmeetingplugin/node_modules/jest-circus/build/utils.js:231:10)
    at _callCircusHook (/Volumes/externalssd/devitems/teamsmeetingplugin/node_modules/jest-circus/build/run.js:281:40)
    at processTicksAndRejections (node:internal/process/task_queues:105:5)
    at _runTest (/Volumes/externalssd/devitems/teamsmeetingplugin/node_modules/jest-circus/build/run.js:246:5)
    at _runTestsForDescribeBlock (/Volumes/externalssd/devitems/teamsmeetingplugin/node_modules/jest-circus/build/run.js:126:9)
    at _runTestsForDescribeBlock (/Volumes/externalssd/devitems/teamsmeetingplugin/node_modules/jest-circus/build/run.js:121:9)
    at _runTestsForDescribeBlock (/Volumes/externalssd/devitems/teamsmeetingplugin/node_modules/jest-circus/build/run.js:121:9)
    at run (/Volumes/externalssd/devitems/teamsmeetingplugin/node_modules/jest-circus/build/run.js:71:3)
    at runAndTransformResultsToJestFormat (/Volumes/externalssd/devitems/teamsmeetingplugin/node_modules/jest-circus/build/legacy-code-todo-rewrite/jestAdapterInit.js:122:21)
    at jestAdapter (/Volumes/externalssd/devitems/teamsmeetingplugin/node_modules/jest-circus/build/legacy-code-todo-rewrite/jestAdapter.js:79:19)
    at runTestInternal (/Volumes/externalssd/devitems/teamsmeetingplugin/node_modules/jest-runner/build/runTest.js:367:16)
    at runTest (/Volumes/externalssd/devitems/teamsmeetingplugin/node_modules/jest-runner/build/runTest.js:444:34)
    at Object.worker (/Volumes/externalssd/devitems/teamsmeetingplugin/node_modules/jest-runner/build/testWorker.js:106:12)</failure>
    </testcase>
    <testcase classname="SpeakerIdentificationService Audio Validation should reject null audio data" name="SpeakerIdentificationService Audio Validation should reject null audio data" time="0.001">
      <failure>Error: Speaker identification initialization failed: window is not defined
    at SpeakerIdentificationService.initialize (/Volumes/externalssd/devitems/teamsmeetingplugin/src/client/services/SpeakerIdentificationService.js:73:13)
    at Object.initialize (/Volumes/externalssd/devitems/teamsmeetingplugin/src/client/services/__tests__/SpeakerIdentificationService.test.js:93:28)
    at Promise.then.completed (/Volumes/externalssd/devitems/teamsmeetingplugin/node_modules/jest-circus/build/utils.js:298:28)
    at new Promise (&lt;anonymous&gt;)
    at callAsyncCircusFn (/Volumes/externalssd/devitems/teamsmeetingplugin/node_modules/jest-circus/build/utils.js:231:10)
    at _callCircusHook (/Volumes/externalssd/devitems/teamsmeetingplugin/node_modules/jest-circus/build/run.js:281:40)
    at processTicksAndRejections (node:internal/process/task_queues:105:5)
    at _runTest (/Volumes/externalssd/devitems/teamsmeetingplugin/node_modules/jest-circus/build/run.js:246:5)
    at _runTestsForDescribeBlock (/Volumes/externalssd/devitems/teamsmeetingplugin/node_modules/jest-circus/build/run.js:126:9)
    at _runTestsForDescribeBlock (/Volumes/externalssd/devitems/teamsmeetingplugin/node_modules/jest-circus/build/run.js:121:9)
    at _runTestsForDescribeBlock (/Volumes/externalssd/devitems/teamsmeetingplugin/node_modules/jest-circus/build/run.js:121:9)
    at run (/Volumes/externalssd/devitems/teamsmeetingplugin/node_modules/jest-circus/build/run.js:71:3)
    at runAndTransformResultsToJestFormat (/Volumes/externalssd/devitems/teamsmeetingplugin/node_modules/jest-circus/build/legacy-code-todo-rewrite/jestAdapterInit.js:122:21)
    at jestAdapter (/Volumes/externalssd/devitems/teamsmeetingplugin/node_modules/jest-circus/build/legacy-code-todo-rewrite/jestAdapter.js:79:19)
    at runTestInternal (/Volumes/externalssd/devitems/teamsmeetingplugin/node_modules/jest-runner/build/runTest.js:367:16)
    at runTest (/Volumes/externalssd/devitems/teamsmeetingplugin/node_modules/jest-runner/build/runTest.js:444:34)
    at Object.worker (/Volumes/externalssd/devitems/teamsmeetingplugin/node_modules/jest-runner/build/testWorker.js:106:12)</failure>
    </testcase>
    <testcase classname="SpeakerIdentificationService Audio Validation should reject audio without data" name="SpeakerIdentificationService Audio Validation should reject audio without data" time="0.002">
      <failure>Error: Speaker identification initialization failed: window is not defined
    at SpeakerIdentificationService.initialize (/Volumes/externalssd/devitems/teamsmeetingplugin/src/client/services/SpeakerIdentificationService.js:73:13)
    at Object.initialize (/Volumes/externalssd/devitems/teamsmeetingplugin/src/client/services/__tests__/SpeakerIdentificationService.test.js:93:28)
    at Promise.then.completed (/Volumes/externalssd/devitems/teamsmeetingplugin/node_modules/jest-circus/build/utils.js:298:28)
    at new Promise (&lt;anonymous&gt;)
    at callAsyncCircusFn (/Volumes/externalssd/devitems/teamsmeetingplugin/node_modules/jest-circus/build/utils.js:231:10)
    at _callCircusHook (/Volumes/externalssd/devitems/teamsmeetingplugin/node_modules/jest-circus/build/run.js:281:40)
    at processTicksAndRejections (node:internal/process/task_queues:105:5)
    at _runTest (/Volumes/externalssd/devitems/teamsmeetingplugin/node_modules/jest-circus/build/run.js:246:5)
    at _runTestsForDescribeBlock (/Volumes/externalssd/devitems/teamsmeetingplugin/node_modules/jest-circus/build/run.js:126:9)
    at _runTestsForDescribeBlock (/Volumes/externalssd/devitems/teamsmeetingplugin/node_modules/jest-circus/build/run.js:121:9)
    at _runTestsForDescribeBlock (/Volumes/externalssd/devitems/teamsmeetingplugin/node_modules/jest-circus/build/run.js:121:9)
    at run (/Volumes/externalssd/devitems/teamsmeetingplugin/node_modules/jest-circus/build/run.js:71:3)
    at runAndTransformResultsToJestFormat (/Volumes/externalssd/devitems/teamsmeetingplugin/node_modules/jest-circus/build/legacy-code-todo-rewrite/jestAdapterInit.js:122:21)
    at jestAdapter (/Volumes/externalssd/devitems/teamsmeetingplugin/node_modules/jest-circus/build/legacy-code-todo-rewrite/jestAdapter.js:79:19)
    at runTestInternal (/Volumes/externalssd/devitems/teamsmeetingplugin/node_modules/jest-runner/build/runTest.js:367:16)
    at runTest (/Volumes/externalssd/devitems/teamsmeetingplugin/node_modules/jest-runner/build/runTest.js:444:34)
    at Object.worker (/Volumes/externalssd/devitems/teamsmeetingplugin/node_modules/jest-runner/build/testWorker.js:106:12)</failure>
    </testcase>
    <testcase classname="SpeakerIdentificationService Audio Validation should reject too short audio" name="SpeakerIdentificationService Audio Validation should reject too short audio" time="0.001">
      <failure>Error: Speaker identification initialization failed: window is not defined
    at SpeakerIdentificationService.initialize (/Volumes/externalssd/devitems/teamsmeetingplugin/src/client/services/SpeakerIdentificationService.js:73:13)
    at Object.initialize (/Volumes/externalssd/devitems/teamsmeetingplugin/src/client/services/__tests__/SpeakerIdentificationService.test.js:93:28)
    at Promise.then.completed (/Volumes/externalssd/devitems/teamsmeetingplugin/node_modules/jest-circus/build/utils.js:298:28)
    at new Promise (&lt;anonymous&gt;)
    at callAsyncCircusFn (/Volumes/externalssd/devitems/teamsmeetingplugin/node_modules/jest-circus/build/utils.js:231:10)
    at _callCircusHook (/Volumes/externalssd/devitems/teamsmeetingplugin/node_modules/jest-circus/build/run.js:281:40)
    at processTicksAndRejections (node:internal/process/task_queues:105:5)
    at _runTest (/Volumes/externalssd/devitems/teamsmeetingplugin/node_modules/jest-circus/build/run.js:246:5)
    at _runTestsForDescribeBlock (/Volumes/externalssd/devitems/teamsmeetingplugin/node_modules/jest-circus/build/run.js:126:9)
    at _runTestsForDescribeBlock (/Volumes/externalssd/devitems/teamsmeetingplugin/node_modules/jest-circus/build/run.js:121:9)
    at _runTestsForDescribeBlock (/Volumes/externalssd/devitems/teamsmeetingplugin/node_modules/jest-circus/build/run.js:121:9)
    at run (/Volumes/externalssd/devitems/teamsmeetingplugin/node_modules/jest-circus/build/run.js:71:3)
    at runAndTransformResultsToJestFormat (/Volumes/externalssd/devitems/teamsmeetingplugin/node_modules/jest-circus/build/legacy-code-todo-rewrite/jestAdapterInit.js:122:21)
    at jestAdapter (/Volumes/externalssd/devitems/teamsmeetingplugin/node_modules/jest-circus/build/legacy-code-todo-rewrite/jestAdapter.js:79:19)
    at runTestInternal (/Volumes/externalssd/devitems/teamsmeetingplugin/node_modules/jest-runner/build/runTest.js:367:16)
    at runTest (/Volumes/externalssd/devitems/teamsmeetingplugin/node_modules/jest-runner/build/runTest.js:444:34)
    at Object.worker (/Volumes/externalssd/devitems/teamsmeetingplugin/node_modules/jest-runner/build/testWorker.js:106:12)</failure>
    </testcase>
    <testcase classname="SpeakerIdentificationService Audio Validation should reject silent audio" name="SpeakerIdentificationService Audio Validation should reject silent audio" time="0.001">
      <failure>Error: Speaker identification initialization failed: window is not defined
    at SpeakerIdentificationService.initialize (/Volumes/externalssd/devitems/teamsmeetingplugin/src/client/services/SpeakerIdentificationService.js:73:13)
    at Object.initialize (/Volumes/externalssd/devitems/teamsmeetingplugin/src/client/services/__tests__/SpeakerIdentificationService.test.js:93:28)
    at Promise.then.completed (/Volumes/externalssd/devitems/teamsmeetingplugin/node_modules/jest-circus/build/utils.js:298:28)
    at new Promise (&lt;anonymous&gt;)
    at callAsyncCircusFn (/Volumes/externalssd/devitems/teamsmeetingplugin/node_modules/jest-circus/build/utils.js:231:10)
    at _callCircusHook (/Volumes/externalssd/devitems/teamsmeetingplugin/node_modules/jest-circus/build/run.js:281:40)
    at processTicksAndRejections (node:internal/process/task_queues:105:5)
    at _runTest (/Volumes/externalssd/devitems/teamsmeetingplugin/node_modules/jest-circus/build/run.js:246:5)
    at _runTestsForDescribeBlock (/Volumes/externalssd/devitems/teamsmeetingplugin/node_modules/jest-circus/build/run.js:126:9)
    at _runTestsForDescribeBlock (/Volumes/externalssd/devitems/teamsmeetingplugin/node_modules/jest-circus/build/run.js:121:9)
    at _runTestsForDescribeBlock (/Volumes/externalssd/devitems/teamsmeetingplugin/node_modules/jest-circus/build/run.js:121:9)
    at run (/Volumes/externalssd/devitems/teamsmeetingplugin/node_modules/jest-circus/build/run.js:71:3)
    at runAndTransformResultsToJestFormat (/Volumes/externalssd/devitems/teamsmeetingplugin/node_modules/jest-circus/build/legacy-code-todo-rewrite/jestAdapterInit.js:122:21)
    at jestAdapter (/Volumes/externalssd/devitems/teamsmeetingplugin/node_modules/jest-circus/build/legacy-code-todo-rewrite/jestAdapter.js:79:19)
    at runTestInternal (/Volumes/externalssd/devitems/teamsmeetingplugin/node_modules/jest-runner/build/runTest.js:367:16)
    at runTest (/Volumes/externalssd/devitems/teamsmeetingplugin/node_modules/jest-runner/build/runTest.js:444:34)
    at Object.worker (/Volumes/externalssd/devitems/teamsmeetingplugin/node_modules/jest-runner/build/testWorker.js:106:12)</failure>
    </testcase>
    <testcase classname="SpeakerIdentificationService Feature Extraction should extract voice features from audio" name="SpeakerIdentificationService Feature Extraction should extract voice features from audio" time="0.002">
      <failure>Error: Speaker identification initialization failed: window is not defined
    at SpeakerIdentificationService.initialize (/Volumes/externalssd/devitems/teamsmeetingplugin/src/client/services/SpeakerIdentificationService.js:73:13)
    at Object.initialize (/Volumes/externalssd/devitems/teamsmeetingplugin/src/client/services/__tests__/SpeakerIdentificationService.test.js:135:28)
    at Promise.then.completed (/Volumes/externalssd/devitems/teamsmeetingplugin/node_modules/jest-circus/build/utils.js:298:28)
    at new Promise (&lt;anonymous&gt;)
    at callAsyncCircusFn (/Volumes/externalssd/devitems/teamsmeetingplugin/node_modules/jest-circus/build/utils.js:231:10)
    at _callCircusHook (/Volumes/externalssd/devitems/teamsmeetingplugin/node_modules/jest-circus/build/run.js:281:40)
    at processTicksAndRejections (node:internal/process/task_queues:105:5)
    at _runTest (/Volumes/externalssd/devitems/teamsmeetingplugin/node_modules/jest-circus/build/run.js:246:5)
    at _runTestsForDescribeBlock (/Volumes/externalssd/devitems/teamsmeetingplugin/node_modules/jest-circus/build/run.js:126:9)
    at _runTestsForDescribeBlock (/Volumes/externalssd/devitems/teamsmeetingplugin/node_modules/jest-circus/build/run.js:121:9)
    at _runTestsForDescribeBlock (/Volumes/externalssd/devitems/teamsmeetingplugin/node_modules/jest-circus/build/run.js:121:9)
    at run (/Volumes/externalssd/devitems/teamsmeetingplugin/node_modules/jest-circus/build/run.js:71:3)
    at runAndTransformResultsToJestFormat (/Volumes/externalssd/devitems/teamsmeetingplugin/node_modules/jest-circus/build/legacy-code-todo-rewrite/jestAdapterInit.js:122:21)
    at jestAdapter (/Volumes/externalssd/devitems/teamsmeetingplugin/node_modules/jest-circus/build/legacy-code-todo-rewrite/jestAdapter.js:79:19)
    at runTestInternal (/Volumes/externalssd/devitems/teamsmeetingplugin/node_modules/jest-runner/build/runTest.js:367:16)
    at runTest (/Volumes/externalssd/devitems/teamsmeetingplugin/node_modules/jest-runner/build/runTest.js:444:34)
    at Object.worker (/Volumes/externalssd/devitems/teamsmeetingplugin/node_modules/jest-runner/build/testWorker.js:106:12)</failure>
    </testcase>
    <testcase classname="SpeakerIdentificationService Feature Extraction should return null for invalid audio" name="SpeakerIdentificationService Feature Extraction should return null for invalid audio" time="0.001">
      <failure>Error: Speaker identification initialization failed: window is not defined
    at SpeakerIdentificationService.initialize (/Volumes/externalssd/devitems/teamsmeetingplugin/src/client/services/SpeakerIdentificationService.js:73:13)
    at Object.initialize (/Volumes/externalssd/devitems/teamsmeetingplugin/src/client/services/__tests__/SpeakerIdentificationService.test.js:135:28)
    at Promise.then.completed (/Volumes/externalssd/devitems/teamsmeetingplugin/node_modules/jest-circus/build/utils.js:298:28)
    at new Promise (&lt;anonymous&gt;)
    at callAsyncCircusFn (/Volumes/externalssd/devitems/teamsmeetingplugin/node_modules/jest-circus/build/utils.js:231:10)
    at _callCircusHook (/Volumes/externalssd/devitems/teamsmeetingplugin/node_modules/jest-circus/build/run.js:281:40)
    at processTicksAndRejections (node:internal/process/task_queues:105:5)
    at _runTest (/Volumes/externalssd/devitems/teamsmeetingplugin/node_modules/jest-circus/build/run.js:246:5)
    at _runTestsForDescribeBlock (/Volumes/externalssd/devitems/teamsmeetingplugin/node_modules/jest-circus/build/run.js:126:9)
    at _runTestsForDescribeBlock (/Volumes/externalssd/devitems/teamsmeetingplugin/node_modules/jest-circus/build/run.js:121:9)
    at _runTestsForDescribeBlock (/Volumes/externalssd/devitems/teamsmeetingplugin/node_modules/jest-circus/build/run.js:121:9)
    at run (/Volumes/externalssd/devitems/teamsmeetingplugin/node_modules/jest-circus/build/run.js:71:3)
    at runAndTransformResultsToJestFormat (/Volumes/externalssd/devitems/teamsmeetingplugin/node_modules/jest-circus/build/legacy-code-todo-rewrite/jestAdapterInit.js:122:21)
    at jestAdapter (/Volumes/externalssd/devitems/teamsmeetingplugin/node_modules/jest-circus/build/legacy-code-todo-rewrite/jestAdapter.js:79:19)
    at runTestInternal (/Volumes/externalssd/devitems/teamsmeetingplugin/node_modules/jest-runner/build/runTest.js:367:16)
    at runTest (/Volumes/externalssd/devitems/teamsmeetingplugin/node_modules/jest-runner/build/runTest.js:444:34)
    at Object.worker (/Volumes/externalssd/devitems/teamsmeetingplugin/node_modules/jest-runner/build/testWorker.js:106:12)</failure>
    </testcase>
    <testcase classname="SpeakerIdentificationService Feature Extraction should normalize features" name="SpeakerIdentificationService Feature Extraction should normalize features" time="0.001">
      <failure>Error: Speaker identification initialization failed: window is not defined
    at SpeakerIdentificationService.initialize (/Volumes/externalssd/devitems/teamsmeetingplugin/src/client/services/SpeakerIdentificationService.js:73:13)
    at Object.initialize (/Volumes/externalssd/devitems/teamsmeetingplugin/src/client/services/__tests__/SpeakerIdentificationService.test.js:135:28)
    at Promise.then.completed (/Volumes/externalssd/devitems/teamsmeetingplugin/node_modules/jest-circus/build/utils.js:298:28)
    at new Promise (&lt;anonymous&gt;)
    at callAsyncCircusFn (/Volumes/externalssd/devitems/teamsmeetingplugin/node_modules/jest-circus/build/utils.js:231:10)
    at _callCircusHook (/Volumes/externalssd/devitems/teamsmeetingplugin/node_modules/jest-circus/build/run.js:281:40)
    at processTicksAndRejections (node:internal/process/task_queues:105:5)
    at _runTest (/Volumes/externalssd/devitems/teamsmeetingplugin/node_modules/jest-circus/build/run.js:246:5)
    at _runTestsForDescribeBlock (/Volumes/externalssd/devitems/teamsmeetingplugin/node_modules/jest-circus/build/run.js:126:9)
    at _runTestsForDescribeBlock (/Volumes/externalssd/devitems/teamsmeetingplugin/node_modules/jest-circus/build/run.js:121:9)
    at _runTestsForDescribeBlock (/Volumes/externalssd/devitems/teamsmeetingplugin/node_modules/jest-circus/build/run.js:121:9)
    at run (/Volumes/externalssd/devitems/teamsmeetingplugin/node_modules/jest-circus/build/run.js:71:3)
    at runAndTransformResultsToJestFormat (/Volumes/externalssd/devitems/teamsmeetingplugin/node_modules/jest-circus/build/legacy-code-todo-rewrite/jestAdapterInit.js:122:21)
    at jestAdapter (/Volumes/externalssd/devitems/teamsmeetingplugin/node_modules/jest-circus/build/legacy-code-todo-rewrite/jestAdapter.js:79:19)
    at runTestInternal (/Volumes/externalssd/devitems/teamsmeetingplugin/node_modules/jest-runner/build/runTest.js:367:16)
    at runTest (/Volumes/externalssd/devitems/teamsmeetingplugin/node_modules/jest-runner/build/runTest.js:444:34)
    at Object.worker (/Volumes/externalssd/devitems/teamsmeetingplugin/node_modules/jest-runner/build/testWorker.js:106:12)</failure>
    </testcase>
    <testcase classname="SpeakerIdentificationService Speaker Identification should identify new speaker when no profiles exist" name="SpeakerIdentificationService Speaker Identification should identify new speaker when no profiles exist" time="0.001">
      <failure>Error: Speaker identification initialization failed: window is not defined
    at SpeakerIdentificationService.initialize (/Volumes/externalssd/devitems/teamsmeetingplugin/src/client/services/SpeakerIdentificationService.js:73:13)
    at Object.initialize (/Volumes/externalssd/devitems/teamsmeetingplugin/src/client/services/__tests__/SpeakerIdentificationService.test.js:174:28)
    at Promise.then.completed (/Volumes/externalssd/devitems/teamsmeetingplugin/node_modules/jest-circus/build/utils.js:298:28)
    at new Promise (&lt;anonymous&gt;)
    at callAsyncCircusFn (/Volumes/externalssd/devitems/teamsmeetingplugin/node_modules/jest-circus/build/utils.js:231:10)
    at _callCircusHook (/Volumes/externalssd/devitems/teamsmeetingplugin/node_modules/jest-circus/build/run.js:281:40)
    at processTicksAndRejections (node:internal/process/task_queues:105:5)
    at _runTest (/Volumes/externalssd/devitems/teamsmeetingplugin/node_modules/jest-circus/build/run.js:246:5)
    at _runTestsForDescribeBlock (/Volumes/externalssd/devitems/teamsmeetingplugin/node_modules/jest-circus/build/run.js:126:9)
    at _runTestsForDescribeBlock (/Volumes/externalssd/devitems/teamsmeetingplugin/node_modules/jest-circus/build/run.js:121:9)
    at _runTestsForDescribeBlock (/Volumes/externalssd/devitems/teamsmeetingplugin/node_modules/jest-circus/build/run.js:121:9)
    at run (/Volumes/externalssd/devitems/teamsmeetingplugin/node_modules/jest-circus/build/run.js:71:3)
    at runAndTransformResultsToJestFormat (/Volumes/externalssd/devitems/teamsmeetingplugin/node_modules/jest-circus/build/legacy-code-todo-rewrite/jestAdapterInit.js:122:21)
    at jestAdapter (/Volumes/externalssd/devitems/teamsmeetingplugin/node_modules/jest-circus/build/legacy-code-todo-rewrite/jestAdapter.js:79:19)
    at runTestInternal (/Volumes/externalssd/devitems/teamsmeetingplugin/node_modules/jest-runner/build/runTest.js:367:16)
    at runTest (/Volumes/externalssd/devitems/teamsmeetingplugin/node_modules/jest-runner/build/runTest.js:444:34)
    at Object.worker (/Volumes/externalssd/devitems/teamsmeetingplugin/node_modules/jest-runner/build/testWorker.js:106:12)</failure>
    </testcase>
    <testcase classname="SpeakerIdentificationService Speaker Identification should handle invalid audio gracefully" name="SpeakerIdentificationService Speaker Identification should handle invalid audio gracefully" time="0.002">
      <failure>Error: Speaker identification initialization failed: window is not defined
    at SpeakerIdentificationService.initialize (/Volumes/externalssd/devitems/teamsmeetingplugin/src/client/services/SpeakerIdentificationService.js:73:13)
    at Object.initialize (/Volumes/externalssd/devitems/teamsmeetingplugin/src/client/services/__tests__/SpeakerIdentificationService.test.js:174:28)
    at Promise.then.completed (/Volumes/externalssd/devitems/teamsmeetingplugin/node_modules/jest-circus/build/utils.js:298:28)
    at new Promise (&lt;anonymous&gt;)
    at callAsyncCircusFn (/Volumes/externalssd/devitems/teamsmeetingplugin/node_modules/jest-circus/build/utils.js:231:10)
    at _callCircusHook (/Volumes/externalssd/devitems/teamsmeetingplugin/node_modules/jest-circus/build/run.js:281:40)
[...]
    at runTestInternal (/Volumes/externalssd/devitems/teamsmeetingplugin/node_modules/jest-runner/build/runTest.js:367:16)
    at runTest (/Volumes/externalssd/devitems/teamsmeetingplugin/node_modules/jest-runner/build/runTest.js:444:34)
    at Object.worker (/Volumes/externalssd/devitems/teamsmeetingplugin/node_modules/jest-runner/build/testWorker.js:106:12)</failure>
    </testcase>
    <testcase classname="TranscriptSharingService share access should increment access count" name="TranscriptSharingService share access should increment access count" time="5.002">
      <failure>Error: thrown: &quot;Exceeded timeout of 5000 ms for a test.
Add a timeout value to this test to increase the timeout, if this is a long-running test. See https://jestjs.io/docs/api#testname-fn-timeout.&quot;
    at it (/Volumes/externalssd/devitems/teamsmeetingplugin/src/client/services/__tests__/TranscriptSharingService.test.js:315:5)
    at _dispatchDescribe (/Volumes/externalssd/devitems/teamsmeetingplugin/node_modules/jest-circus/build/index.js:91:26)
    at describe (/Volumes/externalssd/devitems/teamsmeetingplugin/node_modules/jest-circus/build/index.js:55:5)
    at describe (/Volumes/externalssd/devitems/teamsmeetingplugin/src/client/services/__tests__/TranscriptSharingService.test.js:209:3)
    at _dispatchDescribe (/Volumes/externalssd/devitems/teamsmeetingplugin/node_modules/jest-circus/build/index.js:91:26)
    at describe (/Volumes/externalssd/devitems/teamsmeetingplugin/node_modules/jest-circus/build/index.js:55:5)
    at Object.describe (/Volumes/externalssd/devitems/teamsmeetingplugin/src/client/services/__tests__/TranscriptSharingService.test.js:70:1)
    at Runtime._execModule (/Volumes/externalssd/devitems/teamsmeetingplugin/node_modules/jest-runtime/build/index.js:1439:24)
    at Runtime._loadModule (/Volumes/externalssd/devitems/teamsmeetingplugin/node_modules/jest-runtime/build/index.js:1022:12)
    at Runtime.requireModule (/Volumes/externalssd/devitems/teamsmeetingplugin/node_modules/jest-runtime/build/index.js:882:12)
    at jestAdapter (/Volumes/externalssd/devitems/teamsmeetingplugin/node_modules/jest-circus/build/legacy-code-todo-rewrite/jestAdapter.js:77:13)
    at processTicksAndRejections (node:internal/process/task_queues:105:5)
    at runTestInternal (/Volumes/externalssd/devitems/teamsmeetingplugin/node_modules/jest-runner/build/runTest.js:367:16)
    at runTest (/Volumes/externalssd/devitems/teamsmeetingplugin/node_modules/jest-runner/build/runTest.js:444:34)
    at Object.worker (/Volumes/externalssd/devitems/teamsmeetingplugin/node_modules/jest-runner/build/testWorker.js:106:12)</failure>
    </testcase>
    <testcase classname="TranscriptSharingService share access should handle non-existent share" name="TranscriptSharingService share access should handle non-existent share" time="5.002">
      <failure>Error: thrown: &quot;Exceeded timeout of 5000 ms for a test.
Add a timeout value to this test to increase the timeout, if this is a long-running test. See https://jestjs.io/docs/api#testname-fn-timeout.&quot;
    at it (/Volumes/externalssd/devitems/teamsmeetingplugin/src/client/services/__tests__/TranscriptSharingService.test.js:327:5)
    at _dispatchDescribe (/Volumes/externalssd/devitems/teamsmeetingplugin/node_modules/jest-circus/build/index.js:91:26)
    at describe (/Volumes/externalssd/devitems/teamsmeetingplugin/node_modules/jest-circus/build/index.js:55:5)
    at describe (/Volumes/externalssd/devitems/teamsmeetingplugin/src/client/services/__tests__/TranscriptSharingService.test.js:209:3)
    at _dispatchDescribe (/Volumes/externalssd/devitems/teamsmeetingplugin/node_modules/jest-circus/build/index.js:91:26)
    at describe (/Volumes/externalssd/devitems/teamsmeetingplugin/node_modules/jest-circus/build/index.js:55:5)
    at Object.describe (/Volumes/externalssd/devitems/teamsmeetingplugin/src/client/services/__tests__/TranscriptSharingService.test.js:70:1)
    at Runtime._execModule (/Volumes/externalssd/devitems/teamsmeetingplugin/node_modules/jest-runtime/build/index.js:1439:24)
    at Runtime._loadModule (/Volumes/externalssd/devitems/teamsmeetingplugin/node_modules/jest-runtime/build/index.js:1022:12)
    at Runtime.requireModule (/Volumes/externalssd/devitems/teamsmeetingplugin/node_modules/jest-runtime/build/index.js:882:12)
    at jestAdapter (/Volumes/externalssd/devitems/teamsmeetingplugin/node_modules/jest-circus/build/legacy-code-todo-rewrite/jestAdapter.js:77:13)
    at processTicksAndRejections (node:internal/process/task_queues:105:5)
    at runTestInternal (/Volumes/externalssd/devitems/teamsmeetingplugin/node_modules/jest-runner/build/runTest.js:367:16)
    at runTest (/Volumes/externalssd/devitems/teamsmeetingplugin/node_modules/jest-runner/build/runTest.js:444:34)
    at Object.worker (/Volumes/externalssd/devitems/teamsmeetingplugin/node_modules/jest-runner/build/testWorker.js:106:12)</failure>
    </testcase>
    <testcase classname="TranscriptSharingService share management should update share settings" name="TranscriptSharingService share management should update share settings" time="5.002">
      <failure>Error: thrown: &quot;Exceeded timeout of 5000 ms for a test.
Add a timeout value to this test to increase the timeout, if this is a long-running test. See https://jestjs.io/docs/api#testname-fn-timeout.&quot;
    at it (/Volumes/externalssd/devitems/teamsmeetingplugin/src/client/services/__tests__/TranscriptSharingService.test.js:363:5)
    at _dispatchDescribe (/Volumes/externalssd/devitems/teamsmeetingplugin/node_modules/jest-circus/build/index.js:91:26)
    at describe (/Volumes/externalssd/devitems/teamsmeetingplugin/node_modules/jest-circus/build/index.js:55:5)
    at describe (/Volumes/externalssd/devitems/teamsmeetingplugin/src/client/services/__tests__/TranscriptSharingService.test.js:338:3)
    at _dispatchDescribe (/Volumes/externalssd/devitems/teamsmeetingplugin/node_modules/jest-circus/build/index.js:91:26)
    at describe (/Volumes/externalssd/devitems/teamsmeetingplugin/node_modules/jest-circus/build/index.js:55:5)
    at Object.describe (/Volumes/externalssd/devitems/teamsmeetingplugin/src/client/services/__tests__/TranscriptSharingService.test.js:70:1)
    at Runtime._execModule (/Volumes/externalssd/devitems/teamsmeetingplugin/node_modules/jest-runtime/build/index.js:1439:24)
    at Runtime._loadModule (/Volumes/externalssd/devitems/teamsmeetingplugin/node_modules/jest-runtime/build/index.js:1022:12)
    at Runtime.requireModule (/Volumes/externalssd/devitems/teamsmeetingplugin/node_modules/jest-runtime/build/index.js:882:12)
    at jestAdapter (/Volumes/externalssd/devitems/teamsmeetingplugin/node_modules/jest-circus/build/legacy-code-todo-rewrite/jestAdapter.js:77:13)
    at processTicksAndRejections (node:internal/process/task_queues:105:5)
    at runTestInternal (/Volumes/externalssd/devitems/teamsmeetingplugin/node_modules/jest-runner/build/runTest.js:367:16)
    at runTest (/Volumes/externalssd/devitems/teamsmeetingplugin/node_modules/jest-runner/build/runTest.js:444:34)
    at Object.worker (/Volumes/externalssd/devitems/teamsmeetingplugin/node_modules/jest-runner/build/testWorker.js:106:12)</failure>
    </testcase>
    <testcase classname="TranscriptSharingService share management should revoke share" name="TranscriptSharingService share management should revoke share" time="5.002">
      <failure>Error: thrown: &quot;Exceeded timeout of 5000 ms for a test.
Add a timeout value to this test to increase the timeout, if this is a long-running test. See https://jestjs.io/docs/api#testname-fn-timeout.&quot;
    at it (/Volumes/externalssd/devitems/teamsmeetingplugin/src/client/services/__tests__/TranscriptSharingService.test.js:376:5)
    at _dispatchDescribe (/Volumes/externalssd/devitems/teamsmeetingplugin/node_modules/jest-circus/build/index.js:91:26)
    at describe (/Volumes/externalssd/devitems/teamsmeetingplugin/node_modules/jest-circus/build/index.js:55:5)
    at describe (/Volumes/externalssd/devitems/teamsmeetingplugin/src/client/services/__tests__/TranscriptSharingService.test.js:338:3)
    at _dispatchDescribe (/Volumes/externalssd/devitems/teamsmeetingplugin/node_modules/jest-circus/build/index.js:91:26)
    at describe (/Volumes/externalssd/devitems/teamsmeetingplugin/node_modules/jest-circus/build/index.js:55:5)
    at Object.describe (/Volumes/externalssd/devitems/teamsmeetingplugin/src/client/services/__tests__/TranscriptSharingService.test.js:70:1)
    at Runtime._execModule (/Volumes/externalssd/devitems/teamsmeetingplugin/node_modules/jest-runtime/build/index.js:1439:24)
    at Runtime._loadModule (/Volumes/externalssd/devitems/teamsmeetingplugin/node_modules/jest-runtime/build/index.js:1022:12)
    at Runtime.requireModule (/Volumes/externalssd/devitems/teamsmeetingplugin/node_modules/jest-runtime/build/index.js:882:12)
    at jestAdapter (/Volumes/externalssd/devitems/teamsmeetingplugin/node_modules/jest-circus/build/legacy-code-todo-rewrite/jestAdapter.js:77:13)
    at processTicksAndRejections (node:internal/process/task_queues:105:5)
    at runTestInternal (/Volumes/externalssd/devitems/teamsmeetingplugin/node_modules/jest-runner/build/runTest.js:367:16)
    at runTest (/Volumes/externalssd/devitems/teamsmeetingplugin/node_modules/jest-runner/build/runTest.js:444:34)
    at Object.worker (/Volumes/externalssd/devitems/teamsmeetingplugin/node_modules/jest-runner/build/testWorker.js:106:12)</failure>
    </testcase>
    <testcase classname="TranscriptSharingService share management should handle update errors" name="TranscriptSharingService share management should handle update errors" time="5.003">
      <failure>Error: thrown: &quot;Exceeded timeout of 5000 ms for a test.
Add a timeout value to this test to increase the timeout, if this is a long-running test. See https://jestjs.io/docs/api#testname-fn-timeout.&quot;
    at it (/Volumes/externalssd/devitems/teamsmeetingplugin/src/client/services/__tests__/TranscriptSharingService.test.js:382:5)
    at _dispatchDescribe (/Volumes/externalssd/devitems/teamsmeetingplugin/node_modules/jest-circus/build/index.js:91:26)
    at describe (/Volumes/externalssd/devitems/teamsmeetingplugin/node_modules/jest-circus/build/index.js:55:5)
    at describe (/Volumes/externalssd/devitems/teamsmeetingplugin/src/client/services/__tests__/TranscriptSharingService.test.js:338:3)
    at _dispatchDescribe (/Volumes/externalssd/devitems/teamsmeetingplugin/node_modules/jest-circus/build/index.js:91:26)
    at describe (/Volumes/externalssd/devitems/teamsmeetingplugin/node_modules/jest-circus/build/index.js:55:5)
    at Object.describe (/Volumes/externalssd/devitems/teamsmeetingplugin/src/client/services/__tests__/TranscriptSharingService.test.js:70:1)
    at Runtime._execModule (/Volumes/externalssd/devitems/teamsmeetingplugin/node_modules/jest-runtime/build/index.js:1439:24)
    at Runtime._loadModule (/Volumes/externalssd/devitems/teamsmeetingplugin/node_modules/jest-runtime/build/index.js:1022:12)
    at Runtime.requireModule (/Volumes/externalssd/devitems/teamsmeetingplugin/node_modules/jest-runtime/build/index.js:882:12)
    at jestAdapter (/Volumes/externalssd/devitems/teamsmeetingplugin/node_modules/jest-circus/build/legacy-code-todo-rewrite/jestAdapter.js:77:13)
    at processTicksAndRejections (node:internal/process/task_queues:105:5)
    at runTestInternal (/Volumes/externalssd/devitems/teamsmeetingplugin/node_modules/jest-runner/build/runTest.js:367:16)
    at runTest (/Volumes/externalssd/devitems/teamsmeetingplugin/node_modules/jest-runner/build/runTest.js:444:34)
    at Object.worker (/Volumes/externalssd/devitems/teamsmeetingplugin/node_modules/jest-runner/build/testWorker.js:106:12)</failure>
    </testcase>
    <testcase classname="TranscriptSharingService share listing should get transcript shares" name="TranscriptSharingService share listing should get transcript shares" time="5.002">
      <failure>Error: thrown: &quot;Exceeded timeout of 5000 ms for a test.
Add a timeout value to this test to increase the timeout, if this is a long-running test. See https://jestjs.io/docs/api#testname-fn-timeout.&quot;
    at it (/Volumes/externalssd/devitems/teamsmeetingplugin/src/client/services/__tests__/TranscriptSharingService.test.js:394:5)
    at _dispatchDescribe (/Volumes/externalssd/devitems/teamsmeetingplugin/node_modules/jest-circus/build/index.js:91:26)
    at describe (/Volumes/externalssd/devitems/teamsmeetingplugin/node_modules/jest-circus/build/index.js:55:5)
    at describe (/Volumes/externalssd/devitems/teamsmeetingplugin/src/client/services/__tests__/TranscriptSharingService.test.js:393:3)
    at _dispatchDescribe (/Volumes/externalssd/devitems/teamsmeetingplugin/node_modules/jest-circus/build/index.js:91:26)
    at describe (/Volumes/externalssd/devitems/teamsmeetingplugin/node_modules/jest-circus/build/index.js:55:5)
    at Object.describe (/Volumes/externalssd/devitems/teamsmeetingplugin/src/client/services/__tests__/TranscriptSharingService.test.js:70:1)
    at Runtime._execModule (/Volumes/externalssd/devitems/teamsmeetingplugin/node_modules/jest-runtime/build/index.js:1439:24)
    at Runtime._loadModule (/Volumes/externalssd/devitems/teamsmeetingplugin/node_modules/jest-runtime/build/index.js:1022:12)
    at Runtime.requireModule (/Volumes/externalssd/devitems/teamsmeetingplugin/node_modules/jest-runtime/build/index.js:882:12)
    at jestAdapter (/Volumes/externalssd/devitems/teamsmeetingplugin/node_modules/jest-circus/build/legacy-code-todo-rewrite/jestAdapter.js:77:13)
    at processTicksAndRejections (node:internal/process/task_queues:105:5)
    at runTestInternal (/Volumes/externalssd/devitems/teamsmeetingplugin/node_modules/jest-runner/build/runTest.js:367:16)
    at runTest (/Volumes/externalssd/devitems/teamsmeetingplugin/node_modules/jest-runner/build/runTest.js:444:34)
    at Object.worker (/Volumes/externalssd/devitems/teamsmeetingplugin/node_modules/jest-runner/build/testWorker.js:106:12)</failure>
    </testcase>
    <testcase classname="TranscriptSharingService analytics should get share analytics" name="TranscriptSharingService analytics should get share analytics" time="5.003">
      <failure>Error: thrown: &quot;Exceeded timeout of 5000 ms for a test.
Add a timeout value to this test to increase the timeout, if this is a long-running test. See https://jestjs.io/docs/api#testname-fn-timeout.&quot;
    at it (/Volumes/externalssd/devitems/teamsmeetingplugin/src/client/services/__tests__/TranscriptSharingService.test.js:418:5)
    at _dispatchDescribe (/Volumes/externalssd/devitems/teamsmeetingplugin/node_modules/jest-circus/build/index.js:91:26)
    at describe (/Volumes/externalssd/devitems/teamsmeetingplugin/node_modules/jest-circus/build/index.js:55:5)
    at describe (/Volumes/externalssd/devitems/teamsmeetingplugin/src/client/services/__tests__/TranscriptSharingService.test.js:417:3)
    at _dispatchDescribe (/Volumes/externalssd/devitems/teamsmeetingplugin/node_modules/jest-circus/build/index.js:91:26)
    at describe (/Volumes/externalssd/devitems/teamsmeetingplugin/node_modules/jest-circus/build/index.js:55:5)
    at Object.describe (/Volumes/externalssd/devitems/teamsmeetingplugin/src/client/services/__tests__/TranscriptSharingService.test.js:70:1)
    at Runtime._execModule (/Volumes/externalssd/devitems/teamsmeetingplugin/node_modules/jest-runtime/build/index.js:1439:24)
    at Runtime._loadModule (/Volumes/externalssd/devitems/teamsmeetingplugin/node_modules/jest-runtime/build/index.js:1022:12)
    at Runtime.requireModule (/Volumes/externalssd/devitems/teamsmeetingplugin/node_modules/jest-runtime/build/index.js:882:12)
    at jestAdapter (/Volumes/externalssd/devitems/teamsmeetingplugin/node_modules/jest-circus/build/legacy-code-todo-rewrite/jestAdapter.js:77:13)
    at processTicksAndRejections (node:internal/process/task_queues:105:5)
    at runTestInternal (/Volumes/externalssd/devitems/teamsmeetingplugin/node_modules/jest-runner/build/runTest.js:367:16)
    at runTest (/Volumes/externalssd/devitems/teamsmeetingplugin/node_modules/jest-runner/build/runTest.js:444:34)
    at Object.worker (/Volumes/externalssd/devitems/teamsmeetingplugin/node_modules/jest-runner/build/testWorker.js:106:12)</failure>
    </testcase>
    <testcase classname="TranscriptSharingService cleanup should cleanup expired shares" name="TranscriptSharingService cleanup should cleanup expired shares" time="5.003">
      <failure>Error: thrown: &quot;Exceeded timeout of 5000 ms for a test.
Add a timeout value to this test to increase the timeout, if this is a long-running test. See https://jestjs.io/docs/api#testname-fn-timeout.&quot;
    at it (/Volumes/externalssd/devitems/teamsmeetingplugin/src/client/services/__tests__/TranscriptSharingService.test.js:459:5)
    at _dispatchDescribe (/Volumes/externalssd/devitems/teamsmeetingplugin/node_modules/jest-circus/build/index.js:91:26)
    at describe (/Volumes/externalssd/devitems/teamsmeetingplugin/node_modules/jest-circus/build/index.js:55:5)
    at describe (/Volumes/externalssd/devitems/teamsmeetingplugin/src/client/services/__tests__/TranscriptSharingService.test.js:458:3)
    at _dispatchDescribe (/Volumes/externalssd/devitems/teamsmeetingplugin/node_modules/jest-circus/build/index.js:91:26)
    at describe (/Volumes/externalssd/devitems/teamsmeetingplugin/node_modules/jest-circus/build/index.js:55:5)
    at Object.describe (/Volumes/externalssd/devitems/teamsmeetingplugin/src/client/services/__tests__/TranscriptSharingService.test.js:70:1)
    at Runtime._execModule (/Volumes/externalssd/devitems/teamsmeetingplugin/node_modules/jest-runtime/build/index.js:1439:24)
    at Runtime._loadModule (/Volumes/externalssd/devitems/teamsmeetingplugin/node_modules/jest-runtime/build/index.js:1022:12)
    at Runtime.requireModule (/Volumes/externalssd/devitems/teamsmeetingplugin/node_modules/jest-runtime/build/index.js:882:12)
    at jestAdapter (/Volumes/externalssd/devitems/teamsmeetingplugin/node_modules/jest-circus/build/legacy-code-todo-rewrite/jestAdapter.js:77:13)
    at processTicksAndRejections (node:internal/process/task_queues:105:5)
    at runTestInternal (/Volumes/externalssd/devitems/teamsmeetingplugin/node_modules/jest-runner/build/runTest.js:367:16)
    at runTest (/Volumes/externalssd/devitems/teamsmeetingplugin/node_modules/jest-runner/build/runTest.js:444:34)
    at Object.worker (/Volumes/externalssd/devitems/teamsmeetingplugin/node_modules/jest-runner/build/testWorker.js:106:12)</failure>
    </testcase>
    <testcase classname="TranscriptSharingService helper methods should hash passwords" name="TranscriptSharingService helper methods should hash passwords" time="0.003">
    </testcase>
    <testcase classname="TranscriptSharingService helper methods should verify passwords" name="TranscriptSharingService helper methods should verify passwords" time="0.001">
    </testcase>
    <testcase classname="TranscriptSharingService helper methods should generate unique share IDs" name="TranscriptSharingService helper methods should generate unique share IDs" time="0">
    </testcase>
    <testcase classname="TranscriptSharingService helper methods should generate share URLs" name="TranscriptSharingService helper methods should generate share URLs" time="0">
    </testcase>
    <testcase classname="TranscriptSharingService helper methods should calculate default expiry" name="TranscriptSharingService helper methods should calculate default expiry" time="0.001">
    </testcase>
    <testcase classname="TranscriptSharingService helper methods should group accesses by day" name="TranscriptSharingService helper methods should group accesses by day" time="0.001">
    </testcase>
    <testcase classname="TranscriptSharingService helper methods should get top accessors" name="TranscriptSharingService helper methods should get top accessors" time="0.001">
    </testcase>
  </testsuite>
</testsuites>